# JRE version: Java(TM) SE Runtime Environment (8.0_241-b07) (build 1.8.0_241-b07)
# Java VM: Java HotSpot(TM) 64-Bit Server VM (25.241-b07 mixed mode windows-amd64 compressed oops)
Heap:
 PSYoungGen      total 262656K, used 30974K [0x00000000db000000, 0x00000000f3380000, 0x0000000100000000)
  eden space 242688K, 12% used [0x00000000db000000,0x00000000dce3fb80,0x00000000e9d00000)
  from space 19968K, 0% used [0x00000000e9d00000,0x00000000e9d00000,0x00000000eb080000)
  to   space 20480K, 0% used [0x00000000f1f80000,0x00000000f1f80000,0x00000000f3380000)
 ParOldGen       total 94208K, used 31827K [0x0000000091000000, 0x0000000096c00000, 0x00000000db000000)
  object space 94208K, 33% used [0x0000000091000000,0x0000000092f14ca8,0x0000000096c00000)
 Metaspace       used 38006K, capacity 38992K, committed 39336K, reserved 1083392K
  class space    used 4437K, capacity 4709K, committed 4776K, reserved 1048576K
GC Heap History (10 events):
Event: 7.262 GC heap before
{Heap before GC invocations=9 (full 1):
 PSYoungGen      total 124928K, used 114176K [0x00000000db000000, 0x00000000ea300000, 0x0000000100000000)
  eden space 114176K, 100% used [0x00000000db000000,0x00000000e1f80000,0x00000000e1f80000)
  from space 10752K, 0% used [0x00000000e1f80000,0x00000000e1f80000,0x00000000e2a00000)
  to   space 10240K, 0% used [0x00000000e9900000,0x00000000e9900000,0x00000000ea300000)
 ParOldGen       total 58368K, used 13914K [0x0000000091000000, 0x0000000094900000, 0x00000000db000000)
  object space 58368K, 23% used [0x0000000091000000,0x0000000091d969e8,0x0000000094900000)
 Metaspace       used 23782K, capacity 24370K, committed 24576K, reserved 1071104K
  class space    used 2794K, capacity 2960K, committed 3072K, reserved 1048576K
Event: 7.276 GC heap after
Heap after GC invocations=9 (full 1):
 PSYoungGen      total 193024K, used 10229K [0x00000000db000000, 0x00000000ea300000, 0x0000000100000000)
  eden space 182784K, 0% used [0x00000000db000000,0x00000000db000000,0x00000000e6280000)
  from space 10240K, 99% used [0x00000000e9900000,0x00000000ea2fd628,0x00000000ea300000)
  to   space 12800K, 0% used [0x00000000e8a00000,0x00000000e8a00000,0x00000000e9680000)
 ParOldGen       total 58368K, used 17117K [0x0000000091000000, 0x0000000094900000, 0x00000000db000000)
  object space 58368K, 29% used [0x0000000091000000,0x00000000920b7458,0x0000000094900000)
 Metaspace       used 23782K, capacity 24370K, committed 24576K, reserved 1071104K
  class space    used 2794K, capacity 2960K, committed 3072K, reserved 1048576K
}
Event: 10.451 GC heap before
{Heap before GC invocations=10 (full 1):
 PSYoungGen      total 193024K, used 193013K [0x00000000db000000, 0x00000000ea300000, 0x0000000100000000)
  eden space 182784K, 100% used [0x00000000db000000,0x00000000e6280000,0x00000000e6280000)
  from space 10240K, 99% used [0x00000000e9900000,0x00000000ea2fd628,0x00000000ea300000)
  to   space 12800K, 0% used [0x00000000e8a00000,0x00000000e8a00000,0x00000000e9680000)
 ParOldGen       total 58368K, used 17117K [0x0000000091000000, 0x0000000094900000, 0x00000000db000000)
  object space 58368K, 29% used [0x0000000091000000,0x00000000920b7458,0x0000000094900000)
 Metaspace       used 27699K, capacity 28440K, committed 28672K, reserved 1075200K
  class space    used 3144K, capacity 3325K, committed 3328K, reserved 1048576K
Event: 10.471 GC heap after
Heap after GC invocations=10 (full 1):
 PSYoungGen      total 236032K, used 12786K [0x00000000db000000, 0x00000000ec200000, 0x0000000100000000)
  eden space 223232K, 0% used [0x00000000db000000,0x00000000db000000,0x00000000e8a00000)
  from space 12800K, 99% used [0x00000000e8a00000,0x00000000e967c850,0x00000000e9680000)
  to   space 17920K, 0% used [0x00000000eb080000,0x00000000eb080000,0x00000000ec200000)
 ParOldGen       total 58368K, used 26237K [0x0000000091000000, 0x0000000094900000, 0x00000000db000000)
  object space 58368K, 44% used [0x0000000091000000,0x000000009299f438,0x0000000094900000)
 Metaspace       used 27699K, capacity 28440K, committed 28672K, reserved 1075200K
  class space    used 3144K, capacity 3325K, committed 3328K, reserved 1048576K
}
Event: 14.237 GC heap before
{Heap before GC invocations=11 (full 1):
 PSYoungGen      total 236032K, used 236018K [0x00000000db000000, 0x00000000ec200000, 0x0000000100000000)
  eden space 223232K, 100% used [0x00000000db000000,0x00000000e8a00000,0x00000000e8a00000)
  from space 12800K, 99% used [0x00000000e8a00000,0x00000000e967c850,0x00000000e9680000)
  to   space 17920K, 0% used [0x00000000eb080000,0x00000000eb080000,0x00000000ec200000)
 ParOldGen       total 58368K, used 26237K [0x0000000091000000, 0x0000000094900000, 0x00000000db000000)
  object space 58368K, 44% used [0x0000000091000000,0x000000009299f438,0x0000000094900000)
 Metaspace       used 33862K, capacity 34864K, committed 34944K, reserved 1079296K
  class space    used 3908K, capacity 4188K, committed 4224K, reserved 1048576K
Event: 14.269 GC heap after
Heap after GC invocations=11 (full 1):
 PSYoungGen      total 260608K, used 17457K [0x00000000db000000, 0x00000000ef880000, 0x0000000100000000)
  eden space 242688K, 0% used [0x00000000db000000,0x00000000db000000,0x00000000e9d00000)
  from space 17920K, 97% used [0x00000000eb080000,0x00000000ec18c640,0x00000000ec200000)
  to   space 19968K, 0% used [0x00000000e9d00000,0x00000000e9d00000,0x00000000eb080000)
 ParOldGen       total 58368K, used 33993K [0x0000000091000000, 0x0000000094900000, 0x00000000db000000)
  object space 58368K, 58% used [0x0000000091000000,0x00000000931326a0,0x0000000094900000)
 Metaspace       used 33862K, capacity 34864K, committed 34944K, reserved 1079296K
  class space    used 3908K, capacity 4188K, committed 4224K, reserved 1048576K
}
Event: 14.539 GC heap before
{Heap before GC invocations=12 (full 1):
 PSYoungGen      total 260608K, used 52101K [0x00000000db000000, 0x00000000ef880000, 0x0000000100000000)
  eden space 242688K, 14% used [0x00000000db000000,0x00000000dd1d51b8,0x00000000e9d00000)
  from space 17920K, 97% used [0x00000000eb080000,0x00000000ec18c640,0x00000000ec200000)
  to   space 19968K, 0% used [0x00000000e9d00000,0x00000000e9d00000,0x00000000eb080000)
 ParOldGen       total 58368K, used 33993K [0x0000000091000000, 0x0000000094900000, 0x00000000db000000)
  object space 58368K, 58% used [0x0000000091000000,0x00000000931326a0,0x0000000094900000)
 Metaspace       used 34323K, capacity 35336K, committed 35496K, reserved 1081344K
  class space    used 3988K, capacity 4260K, committed 4264K, reserved 1048576K
Event: 14.567 GC heap after
Heap after GC invocations=12 (full 1):
 PSYoungGen      total 262656K, used 1012K [0x00000000db000000, 0x00000000f3380000, 0x0000000100000000)
  eden space 242688K, 0% used [0x00000000db000000,0x00000000db000000,0x00000000e9d00000)
  from space 19968K, 5% used [0x00000000e9d00000,0x00000000e9dfd150,0x00000000eb080000)
  to   space 20480K, 0% used [0x00000000f1f80000,0x00000000f1f80000,0x00000000f3380000)
 ParOldGen       total 58368K, used 45546K [0x0000000091000000, 0x0000000094900000, 0x00000000db000000)
  object space 58368K, 78% used [0x0000000091000000,0x0000000093c7a9c0,0x0000000094900000)
 Metaspace       used 34323K, capacity 35336K, committed 35496K, reserved 1081344K
  class space    used 3988K, capacity 4260K, committed 4264K, reserved 1048576K
}
Event: 14.567 GC heap before
{Heap before GC invocations=13 (full 2):
 PSYoungGen      total 262656K, used 1012K [0x00000000db000000, 0x00000000f3380000, 0x0000000100000000)
  eden space 242688K, 0% used [0x00000000db000000,0x00000000db000000,0x00000000e9d00000)
  from space 19968K, 5% used [0x00000000e9d00000,0x00000000e9dfd150,0x00000000eb080000)
  to   space 20480K, 0% used [0x00000000f1f80000,0x00000000f1f80000,0x00000000f3380000)
 ParOldGen       total 58368K, used 45546K [0x0000000091000000, 0x0000000094900000, 0x00000000db000000)
  object space 58368K, 78% used [0x0000000091000000,0x0000000093c7a9c0,0x0000000094900000)
 Metaspace       used 34323K, capacity 35336K, committed 35496K, reserved 1081344K
  class space    used 3988K, capacity 4260K, committed 4264K, reserved 1048576K
Event: 14.704 GC heap after
Heap after GC invocations=13 (full 2):
 PSYoungGen      total 262656K, used 0K [0x00000000db000000, 0x00000000f3380000, 0x0000000100000000)
  eden space 242688K, 0% used [0x00000000db000000,0x00000000db000000,0x00000000e9d00000)
  from space 19968K, 0% used [0x00000000e9d00000,0x00000000e9d00000,0x00000000eb080000)
  to   space 20480K, 0% used [0x00000000f1f80000,0x00000000f1f80000,0x00000000f3380000)
 ParOldGen       total 94208K, used 31827K [0x0000000091000000, 0x0000000096c00000, 0x00000000db000000)
  object space 94208K, 33% used [0x0000000091000000,0x0000000092f14ca8,0x0000000096c00000)
 Metaspace       used 34320K, capacity 35330K, committed 35496K, reserved 1081344K
  class space    used 3987K, capacity 4258K, committed 4264K, reserved 1048576K
}

